Using pre-set license
Built from '2020.3/staging' branch; Version is '2020.3.4f1 (0abb6314276a) revision 703331'; Using compiler version '192528614'; Build Type 'Release'
OS: 'Windows 10 Pro; OS build 19042.985; Version 2009; 64bit' Language: 'en' Physical Memory: 7981 MB
BatchMode: 1, IsHumanControllingUs: 0, StartBugReporterOnCrash: 0, Is64bit: 1, IsPro: 0

 COMMAND LINE ARGUMENTS:
C:\Program Files\Unity\Hub\Editor\2020.3.4f1\Editor\Unity.exe
-adb2
-batchMode
-noUpm
-name
AssetImportWorker0
-projectPath
C:/Users/Burak/Desktop/Desktop/Burak/Games/DragAndDrop
-logFile
Logs/AssetImportWorker0.log
-srvPort
49402
Successfully changed project path to: C:/Users/Burak/Desktop/Desktop/Burak/Games/DragAndDrop
C:/Users/Burak/Desktop/Desktop/Burak/Games/DragAndDrop
Using Asset Import Pipeline V2.
Refreshing native plugins compatible for Editor in 31.41 ms, found 1 plugins.
Preloading 0 native plugins for Editor in 0.00 ms.
Initialize engine version: 2020.3.4f1 (0abb6314276a)
[Subsystems] Discovering subsystems at path C:/Program Files/Unity/Hub/Editor/2020.3.4f1/Editor/Data/Resources/UnitySubsystems
[Subsystems] Discovering subsystems at path C:/Users/Burak/Desktop/Desktop/Burak/Games/DragAndDrop/Assets
GfxDevice: creating device client; threaded=0
Direct3D:
    Version:  Direct3D 11.0 [level 11.1]
    Renderer: NVIDIA GeForce GTX 1650 Ti (ID=0x1f95)
    Vendor:   
    VRAM:     3962 MB
    Driver:   27.21.14.6627
Initialize mono
Mono path[0] = 'C:/Program Files/Unity/Hub/Editor/2020.3.4f1/Editor/Data/Managed'
Mono path[1] = 'C:/Program Files/Unity/Hub/Editor/2020.3.4f1/Editor/Data/MonoBleedingEdge/lib/mono/unityjit'
Mono config path = 'C:/Program Files/Unity/Hub/Editor/2020.3.4f1/Editor/Data/MonoBleedingEdge/etc'
Using monoOptions --debugger-agent=transport=dt_socket,embedding=1,server=y,suspend=n,address=127.0.0.1:56120
Begin MonoManager ReloadAssembly
Registering precompiled unity dll's ...
Register platform support module: C:/Program Files/Unity/Hub/Editor/2020.3.4f1/Editor/Data/PlaybackEngines/WindowsStandaloneSupport/UnityEditor.WindowsStandalone.Extensions.dll
Registered in 0.001629 seconds.
Native extension for WindowsStandalone target not found
Refreshing native plugins compatible for Editor in 37.41 ms, found 1 plugins.
Preloading 0 native plugins for Editor in 0.00 ms.
Mono: successfully reloaded assembly
- Completed reload, in  0.931 seconds
Platform modules already initialized, skipping
Registering precompiled user dll's ...
Registered in 0.000836 seconds.
Begin MonoManager ReloadAssembly
Native extension for WindowsStandalone target not found
Refreshing native plugins compatible for Editor in 33.18 ms, found 1 plugins.
Preloading 0 native plugins for Editor in 0.00 ms.
Mono: successfully reloaded assembly
- Completed reload, in  0.815 seconds
Platform modules already initialized, skipping
========================================================================
Worker process is ready to serve import requests
Launched and connected shader compiler UnityShaderCompiler.exe after 0.04 seconds
Refreshing native plugins compatible for Editor in 0.32 ms, found 1 plugins.
Preloading 0 native plugins for Editor in 0.00 ms.
Unloading 1808 Unused Serialized files (Serialized files now loaded: 0)
System memory in use before: 84.8 MB.
System memory in use after: 84.8 MB.

Unloading 24 unused Assets to reduce memory usage. Loaded Objects now: 2250.
Total: 2.697200 ms (FindLiveObjects: 0.347300 ms CreateObjectMapping: 0.148700 ms MarkObjects: 2.055400 ms  DeleteObjects: 0.144800 ms)

========================================================================
Received Import Request.
  path: Assets
  artifactKey: Guid(00000000000000001000000000000000) Importer(815301076,1909f56bfc062723c751e8b465ee728b)
Start importing Assets using Guid(00000000000000001000000000000000) Importer(815301076,1909f56bfc062723c751e8b465ee728b)  -> (artifact id: '025e4f587c23674256bb898581e82961') in 0.008115 seconds
  Import took 0.011152 seconds .

========================================================================
Received Import Request.
  Time since last request: 7.967128 seconds.
  path: Assets/Sprites
  artifactKey: Guid(eef7285cee78d31479feecd6d4823ebe) Importer(815301076,1909f56bfc062723c751e8b465ee728b)
Start importing Assets/Sprites using Guid(eef7285cee78d31479feecd6d4823ebe) Importer(815301076,1909f56bfc062723c751e8b465ee728b)  -> (artifact id: '19d10f41ac5b132c9cc9326249c78cce') in 0.007743 seconds
  Import took 0.010689 seconds .

========================================================================
Received Import Request.
  Time since last request: 7.271744 seconds.
  path: Assets/Scripts
  artifactKey: Guid(cc3be00705e2512419ae3925d9a3c28c) Importer(815301076,1909f56bfc062723c751e8b465ee728b)
Start importing Assets/Scripts using Guid(cc3be00705e2512419ae3925d9a3c28c) Importer(815301076,1909f56bfc062723c751e8b465ee728b)  -> (artifact id: '6cfb118d1094748233953caffb81f954') in 0.006404 seconds
  Import took 0.009357 seconds .

========================================================================
Received Import Request.
  Time since last request: 12.976275 seconds.
  path: Assets/Sprites/Background.png
  artifactKey: Guid(b6e663c8e7f203b4da280ded8c388c1d) Importer(815301076,1909f56bfc062723c751e8b465ee728b)
Start importing Assets/Sprites/Background.png using Guid(b6e663c8e7f203b4da280ded8c388c1d) Importer(815301076,1909f56bfc062723c751e8b465ee728b)  -> (artifact id: 'f851f1b2d0d4e073dba3b3da652fb0f6') in 0.108008 seconds
  Import took 0.111214 seconds .

========================================================================
Received Import Request.
  Time since last request: 0.000183 seconds.
  path: Assets/Sprites/Planets.png
  artifactKey: Guid(78a8be8a58c6a2c4a999dfc9ecf96b67) Importer(815301076,1909f56bfc062723c751e8b465ee728b)
Start importing Assets/Sprites/Planets.png using Guid(78a8be8a58c6a2c4a999dfc9ecf96b67) Importer(815301076,1909f56bfc062723c751e8b465ee728b)  -> (artifact id: 'd1983d5780bde18ecba37c253fb34646') in 0.016256 seconds
  Import took 0.019353 seconds .

========================================================================
Received Import Request.
  Time since last request: 43.436312 seconds.
  path: Assets/Sprites/Planets.png
  artifactKey: Guid(78a8be8a58c6a2c4a999dfc9ecf96b67) Importer(815301076,1909f56bfc062723c751e8b465ee728b)
Start importing Assets/Sprites/Planets.png using Guid(78a8be8a58c6a2c4a999dfc9ecf96b67) Importer(815301076,1909f56bfc062723c751e8b465ee728b)  -> (artifact id: '45d7cab34a81a49a0200d13dfb6b6fcd') in 0.013662 seconds
  Import took 0.017753 seconds .

========================================================================
Received Import Request.
  Time since last request: 4.255338 seconds.
  path: Assets/Sprites/Planets.png
  artifactKey: Guid(78a8be8a58c6a2c4a999dfc9ecf96b67) Importer(815301076,1909f56bfc062723c751e8b465ee728b)
Start importing Assets/Sprites/Planets.png using Guid(78a8be8a58c6a2c4a999dfc9ecf96b67) Importer(815301076,1909f56bfc062723c751e8b465ee728b)  -> (artifact id: 'eb1bf7dcd15af96f29ecc08a83563260') in 0.054663 seconds
  Import took 0.058239 seconds .

AssetImportWorkerClient::OnTransportError - code=2 error=End of file
